[debug] [2022-04-20T12:23:41.232Z] ----------------------------------------------------------------------
[debug] [2022-04-20T12:23:41.234Z] Command:       C:\Program Files\nodejs\node.exe C:\Users\makk1\AppData\Roaming\npm\node_modules\firebase-tools\lib\bin\firebase.js init
[debug] [2022-04-20T12:23:41.234Z] CLI Version:   10.7.0
[debug] [2022-04-20T12:23:41.235Z] Platform:      win32
[debug] [2022-04-20T12:23:41.235Z] Node Version:  v16.14.1
[debug] [2022-04-20T12:23:41.236Z] Time:          Wed Apr 20 2022 08:23:41 GMT-0400 (Eastern Daylight Time)
[debug] [2022-04-20T12:23:41.236Z] ----------------------------------------------------------------------
[debug] 
[debug] [2022-04-20T12:23:41.243Z] > command requires scopes: ["email","openid","https://www.googleapis.com/auth/cloudplatformprojects.readonly","https://www.googleapis.com/auth/firebase","https://www.googleapis.com/auth/cloud-platform"]
[debug] [2022-04-20T12:23:41.243Z] > authorizing via signed-in user (sportsinsiderr@gmail.com)
[info] 
     ######## #### ########  ######## ########     ###     ######  ########
     ##        ##  ##     ## ##       ##     ##  ##   ##  ##       ##
     ######    ##  ########  ######   ########  #########  ######  ######
     ##        ##  ##    ##  ##       ##     ## ##     ##       ## ##
     ##       #### ##     ## ######## ########  ##     ##  ######  ########

You're about to initialize a Firebase project in this directory:

  C:\react\ema-john-with-router-module-53

Before we get started, keep in mind:

  * You are currently outside your home directory

[info] 
=== Project Setup
[info] 
[info] First, let's associate this project directory with a Firebase project.
[info] You can create multiple project aliases by running firebase use --add, 
[info] but for now we'll just set up a default project.
[info] 
[debug] [2022-04-20T12:24:29.906Z] >>> [apiv2][query] GET https://firebase.googleapis.com/v1beta1/projects pageSize=100
[debug] [2022-04-20T12:24:30.288Z] <<< [apiv2][status] GET https://firebase.googleapis.com/v1beta1/projects 200
[debug] [2022-04-20T12:24:30.288Z] <<< [apiv2][body] GET https://firebase.googleapis.com/v1beta1/projects [omitted]
